\\vnode1.labos.polymtl.ca\usagers-vn1\a\auran\profiles\desktop\lab3serveur_h2012\lab3serveur_h2012\release\main.obj
\\vnode1.labos.polymtl.ca\usagers-vn1\a\auran\profiles\desktop\lab3serveur_h2012\lab3serveur_h2012\release\vc100.pdb
\\vnode1.labos.polymtl.ca\usagers-vn1\a\auran\profiles\desktop\inf3405\a2012\lab3serveur_a2012\lab3serveur_h2012\release\vc100.pdb
\\vnode1.labos.polymtl.ca\usagers-vn1\a\auran\profiles\desktop\lab3serveur_h2012\release\lab3serveur_h2012.exe
\\vnode1.labos.polymtl.ca\usagers-vn1\a\auran\profiles\desktop\lab3serveur_h2012\release\lab3serveur_h2012.pdb
\\vnode1.labos.polymtl.ca\usagers-vn1\a\auran\profiles\desktop\inf3405\a2012\lab3serveur_a2012\release\lab3serveur_a2012.pdb
c:\users\alexis\documents\poly\session 5\inf3405\lab3_code_source_a2015\lab3_code_source\lab3serveur\lab3serveur_h2012\release\vc120.pdb
c:\users\alexis\documents\poly\session 5\inf3405\lab3_code_source_a2015\lab3_code_source\lab3serveur\lab3serveur_h2012\release\.netframework,version=v4.0.assemblyattributes.obj
c:\users\alexis\documents\poly\session 5\inf3405\lab3_code_source_a2015\lab3_code_source\lab3serveur\lab3serveur_h2012\release\main.obj
c:\users\alexis\documents\poly\session 5\inf3405\lab3_code_source_a2015\lab3_code_source\lab3serveur\release\lab3serveur_a2012.exe
c:\users\alexis\documents\poly\session 5\inf3405\lab3_code_source_a2015\lab3_code_source\lab3serveur\release\lab3serveur_a2012.pdb
c:\users\alexis\documents\poly\session 5\inf3405\lab3_code_source_a2015\lab3_code_source\lab3serveur\lab3serveur_h2012\release\lab3serveur_h2012.vcxprojresolveassemblyreference.cache
c:\users\alexis\documents\poly\session 5\inf3405\lab3_code_source_a2015\lab3_code_source\lab3serveur\lab3serveur_h2012\release\cl.command.1.tlog
c:\users\alexis\documents\poly\session 5\inf3405\lab3_code_source_a2015\lab3_code_source\lab3serveur\lab3serveur_h2012\release\cl.read.1.tlog
c:\users\alexis\documents\poly\session 5\inf3405\lab3_code_source_a2015\lab3_code_source\lab3serveur\lab3serveur_h2012\release\cl.write.1.tlog
c:\users\alexis\documents\poly\session 5\inf3405\lab3_code_source_a2015\lab3_code_source\lab3serveur\lab3serveur_h2012\release\link.command.1.tlog
c:\users\alexis\documents\poly\session 5\inf3405\lab3_code_source_a2015\lab3_code_source\lab3serveur\lab3serveur_h2012\release\link.read.1.tlog
c:\users\alexis\documents\poly\session 5\inf3405\lab3_code_source_a2015\lab3_code_source\lab3serveur\lab3serveur_h2012\release\link.write.1.tlog
c:\users\alexis\documents\poly\session 5\inf3405\lab3_code_source_a2015\lab3_code_source\lab3serveur\lab3serveur_h2012\release\mt.command.1.tlog
c:\users\alexis\documents\poly\session 5\inf3405\lab3_code_source_a2015\lab3_code_source\lab3serveur\lab3serveur_h2012\release\mt.read.1.tlog
c:\users\alexis\documents\poly\session 5\inf3405\lab3_code_source_a2015\lab3_code_source\lab3serveur\lab3serveur_h2012\release\mt.write.1.tlog
c:\users\alexis\documents\poly\session 5\inf3405\lab3_code_source_a2015\lab3_code_source\lab3serveur\lab3serveur_h2012\release\lab3serveur_a2012.exe.intermediate.manifest
c:\users\alexis\documents\poly\session 5\inf3405\lab3_code_source_a2015\lab3_code_source\lab3serveur\lab3serveur_h2012\release\lab3serveur_h2012.exe.intermediate.manifest
c:\users\alexis\documents\poly\session 5\inf3405\lab3_code_source_a2015\lab3_code_source\lab3serveur\lab3serveur_h2012\release\vc100.pdb
c:\users\alexis\documents\poly\session 5\inf3405\lab3_code_source_a2015\lab3_code_source\lab3serveur\lab3serveur_h2012\release\lab3serv.88a1cb67.tlog\cl.command.1.tlog
c:\users\alexis\documents\poly\session 5\inf3405\lab3_code_source_a2015\lab3_code_source\lab3serveur\lab3serveur_h2012\release\lab3serv.88a1cb67.tlog\cl.read.1.tlog
c:\users\alexis\documents\poly\session 5\inf3405\lab3_code_source_a2015\lab3_code_source\lab3serveur\lab3serveur_h2012\release\lab3serv.88a1cb67.tlog\cl.write.1.tlog
c:\users\alexis\documents\poly\session 5\inf3405\lab3_code_source_a2015\lab3_code_source\lab3serveur\lab3serveur_h2012\release\lab3serv.88a1cb67.tlog\link.command.1.tlog
c:\users\alexis\documents\poly\session 5\inf3405\lab3_code_source_a2015\lab3_code_source\lab3serveur\lab3serveur_h2012\release\lab3serv.88a1cb67.tlog\link.read.1.tlog
c:\users\alexis\documents\poly\session 5\inf3405\lab3_code_source_a2015\lab3_code_source\lab3serveur\lab3serveur_h2012\release\lab3serv.88a1cb67.tlog\link.write.1.tlog
c:\users\alexis\documents\poly\session 5\inf3405\lab3_code_source_a2015\lab3_code_source\lab3serveur\lab3serveur_h2012\release\lab3serv.88a1cb67.tlog\metagen.read.1.tlog
c:\users\alexis\documents\poly\session 5\inf3405\lab3_code_source_a2015\lab3_code_source\lab3serveur\lab3serveur_h2012\release\lab3serv.88a1cb67.tlog\metagen.write.1.tlog
c:\users\alexis\documents\poly\session 5\inf3405\lab3_code_source_a2015\lab3_code_source\lab3serveur\lab3serveur_h2012\release\lab3serv.88a1cb67.tlog\tzres.dll.bi
